# JRE version: OpenJDK Runtime Environment (17.0.1+12) (build 17.0.1+12-39)
# Java VM: OpenJDK 64-Bit Server VM (17.0.1+12-39, mixed mode, sharing, tiered, compressed oops, compressed class ptrs, g1 gc, bsd-amd64)
GC Precious Log:
 CPUs: 8 total, 8 available
 Memory: 16384M
 Large Page Support: Disabled
 NUMA Support: Disabled
 Compressed Oops: Enabled (Zero based)
 Heap Region Size: 2M
 Heap Min Capacity: 8M
 Heap Initial Capacity: 256M
 Heap Max Capacity: 4G
 Pre-touch: Disabled
 Parallel Workers: 8
 Concurrent Workers: 2
 Concurrent Refinement Workers: 8
 Periodic GC: Disabled
Heap:
 garbage-first heap   total 102400K, used 26887K [0x0000000700000000, 0x0000000800000000)
  region size 2048K, 1 young (2048K), 0 survivors (0K)
 Metaspace       used 15165K, committed 15488K, reserved 1064960K
  class space    used 2078K, committed 2240K, reserved 1048576K
GC Heap History (18 events):
Event: 0.844 GC heap before
{Heap before GC invocations=0 (full 0):
 garbage-first heap   total 266240K, used 24532K [0x0000000700000000, 0x0000000800000000)
  region size 2048K, 11 young (22528K), 0 survivors (0K)
 Metaspace       used 5184K, committed 5312K, reserved 1056768K
  class space    used 568K, committed 640K, reserved 1048576K
}
Event: 0.850 GC heap after
{Heap after GC invocations=1 (full 0):
 garbage-first heap   total 266240K, used 4433K [0x0000000700000000, 0x0000000800000000)
  region size 2048K, 2 young (4096K), 2 survivors (4096K)
 Metaspace       used 5184K, committed 5312K, reserved 1056768K
  class space    used 568K, committed 640K, reserved 1048576K
}
Event: 5.607 GC heap before
{Heap before GC invocations=1 (full 0):
 garbage-first heap   total 266240K, used 98641K [0x0000000700000000, 0x0000000800000000)
  region size 2048K, 28 young (57344K), 2 survivors (4096K)
 Metaspace       used 15155K, committed 15488K, reserved 1064960K
  class space    used 2077K, committed 2240K, reserved 1048576K
}
Event: 5.634 GC heap after
{Heap after GC invocations=2 (full 1):
 garbage-first heap   total 102400K, used 24994K [0x0000000700000000, 0x0000000800000000)
  region size 2048K, 0 young (0K), 0 survivors (0K)
 Metaspace       used 15155K, committed 15488K, reserved 1064960K
  class space    used 2077K, committed 2240K, reserved 1048576K
}
Event: 5.652 GC heap before
{Heap before GC invocations=2 (full 1):
 garbage-first heap   total 102400K, used 24994K [0x0000000700000000, 0x0000000800000000)
  region size 2048K, 1 young (2048K), 0 survivors (0K)
 Metaspace       used 15156K, committed 15488K, reserved 1064960K
  class space    used 2077K, committed 2240K, reserved 1048576K
}
Event: 5.663 GC heap after
{Heap after GC invocations=3 (full 2):
 garbage-first heap   total 102400K, used 24945K [0x0000000700000000, 0x0000000800000000)
  region size 2048K, 0 young (0K), 0 survivors (0K)
 Metaspace       used 15156K, committed 15488K, reserved 1064960K
  class space    used 2077K, committed 2240K, reserved 1048576K
}
Event: 5.710 GC heap before
{Heap before GC invocations=3 (full 2):
 garbage-first heap   total 102400K, used 24945K [0x0000000700000000, 0x0000000800000000)
  region size 2048K, 1 young (2048K), 0 survivors (0K)
 Metaspace       used 15158K, committed 15488K, reserved 1064960K
  class space    used 2078K, committed 2240K, reserved 1048576K
}
Event: 5.724 GC heap after
{Heap after GC invocations=4 (full 3):
 garbage-first heap   total 102400K, used 24833K [0x0000000700000000, 0x0000000800000000)
  region size 2048K, 0 young (0K), 0 survivors (0K)
 Metaspace       used 15158K, committed 15488K, reserved 1064960K
  class space    used 2078K, committed 2240K, reserved 1048576K
}
Event: 5.725 GC heap before
{Heap before GC invocations=4 (full 3):
 garbage-first heap   total 102400K, used 24833K [0x0000000700000000, 0x0000000800000000)
  region size 2048K, 0 young (0K), 0 survivors (0K)
 Metaspace       used 15158K, committed 15488K, reserved 1064960K
  class space    used 2078K, committed 2240K, reserved 1048576K
}
Event: 5.735 GC heap after
{Heap after GC invocations=5 (full 4):
 garbage-first heap   total 102400K, used 24833K [0x0000000700000000, 0x0000000800000000)
  region size 2048K, 0 young (0K), 0 survivors (0K)
 Metaspace       used 15158K, committed 15488K, reserved 1064960K
  class space    used 2078K, committed 2240K, reserved 1048576K
}
Event: 5.906 GC heap before
{Heap before GC invocations=5 (full 4):
 garbage-first heap   total 102400K, used 24833K [0x0000000700000000, 0x0000000800000000)
  region size 2048K, 1 young (2048K), 0 survivors (0K)
 Metaspace       used 15158K, committed 15488K, reserved 1064960K
  class space    used 2078K, committed 2240K, reserved 1048576K
}
Event: 5.917 GC heap after
{Heap after GC invocations=6 (full 5):
 garbage-first heap   total 102400K, used 24834K [0x0000000700000000, 0x0000000800000000)
  region size 2048K, 0 young (0K), 0 survivors (0K)
 Metaspace       used 15158K, committed 15488K, reserved 1064960K
  class space    used 2078K, committed 2240K, reserved 1048576K
}
Event: 5.918 GC heap before
{Heap before GC invocations=6 (full 5):
 garbage-first heap   total 102400K, used 24834K [0x0000000700000000, 0x0000000800000000)
  region size 2048K, 0 young (0K), 0 survivors (0K)
 Metaspace       used 15158K, committed 15488K, reserved 1064960K
  class space    used 2078K, committed 2240K, reserved 1048576K
}
Event: 5.927 GC heap after
{Heap after GC invocations=7 (full 6):
 garbage-first heap   total 102400K, used 24834K [0x0000000700000000, 0x0000000800000000)
  region size 2048K, 0 young (0K), 0 survivors (0K)
 Metaspace       used 15158K, committed 15488K, reserved 1064960K
  class space    used 2078K, committed 2240K, reserved 1048576K
}
Event: 5.961 GC heap before
{Heap before GC invocations=7 (full 6):
 garbage-first heap   total 102400K, used 24834K [0x0000000700000000, 0x0000000800000000)
  region size 2048K, 1 young (2048K), 0 survivors (0K)
 Metaspace       used 15159K, committed 15488K, reserved 1064960K
  class space    used 2078K, committed 2240K, reserved 1048576K
}
Event: 5.977 GC heap after
{Heap after GC invocations=8 (full 7):
 garbage-first heap   total 102400K, used 24839K [0x0000000700000000, 0x0000000800000000)
  region size 2048K, 0 young (0K), 0 survivors (0K)
 Metaspace       used 15159K, committed 15488K, reserved 1064960K
  class space    used 2078K, committed 2240K, reserved 1048576K
}
Event: 5.978 GC heap before
{Heap before GC invocations=8 (full 7):
 garbage-first heap   total 102400K, used 24839K [0x0000000700000000, 0x0000000800000000)
  region size 2048K, 0 young (0K), 0 survivors (0K)
 Metaspace       used 15159K, committed 15488K, reserved 1064960K
  class space    used 2078K, committed 2240K, reserved 1048576K
}
Event: 5.987 GC heap after
{Heap after GC invocations=9 (full 8):
 garbage-first heap   total 102400K, used 24839K [0x0000000700000000, 0x0000000800000000)
  region size 2048K, 0 young (0K), 0 survivors (0K)
 Metaspace       used 15159K, committed 15488K, reserved 1064960K
  class space    used 2078K, committed 2240K, reserved 1048576K
}

